app/build/outputs/logs/manifest-merger-debug-report.txt
-- Merging decision tree log ---
manifest
ADDED from AndroidManifest.xml:2:1
	package
		ADDED from AndroidManifest.xml:4:5
		INJECTED from AndroidManifest.xml:0:0
		INJECTED from AndroidManifest.xml:0:0
	android:versionName
		ADDED from AndroidManifest.xml:6:5
	xmlns:tools
		ADDED from AndroidManifest.xml:9:5
	android:versionCode
		ADDED from AndroidManifest.xml:7:5
		INJECTED from AndroidManifest.xml:0:0
		INJECTED from AndroidManifest.xml:0:0
	xmlns:android
		ADDED from AndroidManifest.xml:3:5
	android:installLocation
		ADDED from AndroidManifest.xml:8:5
	android:theme
		ADDED from AndroidManifest.xml:5:5
uses-feature#android.hardware.camera
ADDED from AndroidManifest.xml:10:1
	android:name
		ADDED from AndroidManifest.xml:10:15
supports-screens
ADDED from AndroidManifest.xml:11:3
	android:largeScreens
		ADDED from AndroidManifest.xml:11:78
	android:smallScreens
		ADDED from AndroidManifest.xml:11:21
	android:normalScreens
		ADDED from AndroidManifest.xml:11:49
	android:xlargeScreens
		ADDED from AndroidManifest.xml:11:106
	android:anyDensity
		ADDED from AndroidManifest.xml:11:135
uses-permission#android.permission.INTERNET
ADDED from AndroidManifest.xml:12:3
	android:name
		ADDED from AndroidManifest.xml:12:20
uses-permission#android.permission.CAMERA
ADDED from AndroidManifest.xml:13:3
	android:name
		ADDED from AndroidManifest.xml:13:20
uses-permission#android.permission.ACCESS_NETWORK_STATE
ADDED from AndroidManifest.xml:14:3
	android:name
		ADDED from AndroidManifest.xml:14:20
uses-permission#android.permission.WRITE_EXTERNAL_STORAGE
ADDED from AndroidManifest.xml:15:3
	android:name
		ADDED from AndroidManifest.xml:15:20
application
ADDED from AndroidManifest.xml:16:3
MERGED from com.android.support:appcompat-v7:23.0.0:22:5
MERGED from com.android.support:support-v4:23.0.0:22:5
MERGED from com.android.support:support-v4:23.0.0:22:5
MERGED from com.android.support:cardview-v7:22.2.1:22:5
MERGED from com.getbase:floatingactionbutton:1.10.0:12:5
MERGED from com.afollestad:material-dialogs:0.7.9.1:12:5
MERGED from com.android.support:support-v4:23.0.0:22:5
MERGED from com.android.support:appcompat-v7:23.0.0:22:5
MERGED from com.android.support:support-v4:23.0.0:22:5
MERGED from com.android.support:support-v4:23.0.0:22:5
	android:label
		ADDED from AndroidManifest.xml:16:50
	android:icon
		ADDED from AndroidManifest.xml:16:16
	android:theme
		ADDED from AndroidManifest.xml:16:83
activity#es.unex.afrancodq.tfg.prop2vuf.MainActivityNavigationDrawerMaterial
ADDED from AndroidManifest.xml:17:5
	android:screenOrientation
		ADDED from AndroidManifest.xml:21:9
	android:label
		ADDED from AndroidManifest.xml:19:9
	android:configChanges
		ADDED from AndroidManifest.xml:20:9
	android:name
		ADDED from AndroidManifest.xml:18:9
intent-filter#android.intent.action.MAIN+android.intent.category.LAUNCHER
ADDED from AndroidManifest.xml:22:7
action#android.intent.action.MAIN
ADDED from AndroidManifest.xml:23:9
	android:name
		ADDED from AndroidManifest.xml:23:17
category#android.intent.category.LAUNCHER
ADDED from AndroidManifest.xml:25:9
	android:name
		ADDED from AndroidManifest.xml:25:19
meta-data#unityplayer.UnityActivity
ADDED from AndroidManifest.xml:27:7
	android:value
		ADDED from AndroidManifest.xml:27:59
	android:name
		ADDED from AndroidManifest.xml:27:18
meta-data#unityplayer.ForwardNativeEventsToDalvik
ADDED from AndroidManifest.xml:28:7
	android:value
		ADDED from AndroidManifest.xml:28:73
	android:name
		ADDED from AndroidManifest.xml:28:18
activity#es.unex.afrancodq.tfg.prop2vuf.UnityPlayerNativeActivity
ADDED from AndroidManifest.xml:30:5
	android:screenOrientation
		ADDED from AndroidManifest.xml:32:9
	android:label
		ADDED from AndroidManifest.xml:31:9
	android:launchMode
		ADDED from AndroidManifest.xml:33:9
	android:configChanges
		ADDED from AndroidManifest.xml:34:9
	android:name
		ADDED from AndroidManifest.xml:35:9
intent-filter#android.intent.category.LAUNCHER
ADDED from AndroidManifest.xml:36:7
activity#com.unity3d.player.VideoPlayer
ADDED from AndroidManifest.xml:42:5
	android:screenOrientation
		ADDED from AndroidManifest.xml:45:9
	android:label
		ADDED from AndroidManifest.xml:44:9
	android:configChanges
		ADDED from AndroidManifest.xml:46:9
	android:name
		ADDED from AndroidManifest.xml:43:9
uses-library#com.ti.s3d
ADDED from AndroidManifest.xml:53:5
	android:required
		ADDED from AndroidManifest.xml:53:45
	android:name
		ADDED from AndroidManifest.xml:53:19
activity#es.unex.afrancodq.tfg.prop2vuf.DialogActivity
ADDED from AndroidManifest.xml:54:5
	android:theme
		ADDED from AndroidManifest.xml:55:9
	android:name
		ADDED from AndroidManifest.xml:54:15
uses-sdk
ADDED from AndroidManifest.xml:59:5
MERGED from com.android.support:appcompat-v7:23.0.0:20:5
MERGED from com.android.support:support-v4:23.0.0:20:5
MERGED from com.android.support:recyclerview-v7:23.0.0:20:5
MERGED from com.android.support:support-v4:23.0.0:20:5
MERGED from com.android.support:cardview-v7:22.2.1:20:5
MERGED from com.getbase:floatingactionbutton:1.10.0:8:5
MERGED from com.afollestad:material-dialogs:0.7.9.1:8:5
MERGED from com.android.support:support-v4:23.0.0:20:5
MERGED from com.android.support:appcompat-v7:23.0.0:20:5
MERGED from com.android.support:support-v4:23.0.0:20:5
MERGED from com.android.support:recyclerview-v7:23.0.0:20:5
MERGED from com.android.support:support-v4:23.0.0:20:5
	tools:overrideLibrary
		ADDED from AndroidManifest.xml:59:15
	android:targetSdkVersion
		INJECTED from AndroidManifest.xml:0:0
		INJECTED from AndroidManifest.xml:0:0
	android:minSdkVersion
		INJECTED from AndroidManifest.xml:0:0
		INJECTED from AndroidManifest.xml:0:0
uses-feature#0x00020000
ADDED from AndroidManifest.xml:60:3
	android:glEsVersion
		ADDED from AndroidManifest.xml:60:17
uses-feature#android.hardware.camera.autofocus
ADDED from AndroidManifest.xml:61:3
	android:required
		ADDED from AndroidManifest.xml:61:66
	android:name
		ADDED from AndroidManifest.xml:61:17
uses-feature#android.hardware.camera.front
ADDED from AndroidManifest.xml:62:3
	android:required
		ADDED from AndroidManifest.xml:62:62
	android:name
		ADDED from AndroidManifest.xml:62:17
uses-feature#android.hardware.touchscreen
ADDED from AndroidManifest.xml:63:3
	android:required
		ADDED from AndroidManifest.xml:63:61
	android:name
		ADDED from AndroidManifest.xml:63:17
uses-feature#android.hardware.touchscreen.multitouch
ADDED from AndroidManifest.xml:64:3
	android:required
		ADDED from AndroidManifest.xml:64:72
	android:name
		ADDED from AndroidManifest.xml:64:17
uses-feature#android.hardware.touchscreen.multitouch.distinct
ADDED from AndroidManifest.xml:65:3
	android:required
		ADDED from AndroidManifest.xml:65:81
	android:name
		ADDED from AndroidManifest.xml:65:17
uses-permission#android.permission.WAKE_LOCK
ADDED from AndroidManifest.xml:66:3
	android:name
		ADDED from AndroidManifest.xml:66:20